<?xml version="1.0" encoding="UTF-8"?>
<!-- Generated by org.testng.reporters.JUnitXMLReporter -->
<testsuite ignored="0" hostname="DESKTOP-B0FE53H" failures="0" tests="3" name="Default test" time="0.089" errors="0" timestamp="09 Jan 2024 06:28:00 GMT">
  <testcase classname="New.pratices.DataProvider" name="tc01" time="0.015"/>
  <testcase classname="New.pratices.DataProvider" name="tc02" time="0.002"/>
  <testcase classname="New.pratices.DataProvider" name="tc03" time="0.002"/>
</testsuite> <!-- Default test -->
