<?xml version="1.0" encoding="UTF-8"?>
<!-- Generated by org.testng.reporters.JUnitXMLReporter -->
<testsuite ignored="0" hostname="DESKTOP-B0FE53H" failures="1" tests="1" name="EdgeTest" time="60.295" errors="0" timestamp="10 Jan 2024 03:08:14 GMT">
  <testcase classname="New.pratices.DataProvider" name="tco1" time="60.068">
    <failure type="java.lang.NullPointerException" message="Cannot invoke &amp;quot;org.openqa.selenium.WebDriver.get(String)&amp;quot; because &amp;quot;New.pratices.BaseClass.driver&amp;quot; is null">
      <![CDATA[java.lang.NullPointerException: Cannot invoke "org.openqa.selenium.WebDriver.get(String)" because "New.pratices.BaseClass.driver" is null
at New.pratices.BaseClass.url(BaseClass.java:32)
at New.pratices.DataProvider.tco1(DataProvider.java:14)
at java.base/java.util.concurrent.FutureTask.run(FutureTask.java:264)
at java.base/java.util.concurrent.ThreadPoolExecutor.runWorker(ThreadPoolExecutor.java:1136)
at java.base/java.util.concurrent.ThreadPoolExecutor$Worker.run(ThreadPoolExecutor.java:635)
at java.base/java.lang.Thread.run(Thread.java:840)
... Removed 16 stack frames]]>
    </failure>
  </testcase> <!-- tco1 -->
</testsuite> <!-- EdgeTest -->
