<?xml version="1.0" encoding="UTF-8"?>
<!-- Generated by org.testng.reporters.JUnitXMLReporter -->
<testsuite ignored="2" hostname="DESKTOP-B0FE53H" failures="0" tests="1" name="Test" time="0.059" errors="0" timestamp="09 Jan 2024 06:29:00 GMT">
  <testcase classname="New.pratices.DataProvider" name="tc03" time="0.015"/>
  <testcase classname="New.pratices.DataProvider" name="tc01" time="0.0">
    <ignored/>
  </testcase> <!-- tc01 -->
  <testcase classname="New.pratices.DataProvider" name="tc02" time="0.0">
    <ignored/>
  </testcase> <!-- tc02 -->
</testsuite> <!-- Test -->
